<?xml version="1.0" encoding="UTF-8"?>
<!-- Generated by org.testng.reporters.JUnitXMLReporter -->
<testsuite hostname="SHASHANK_SUDHIR" ignored="19" name="Test" tests="20" failures="0" timestamp="2020-03-08T18:18:38 IST" time="147.085" errors="0">
  <testcase name="VehicleData" time="12.175" classname="automobile.EnterVehicleData"/>
  <testcase name="InsurantData" time="5.906" classname="automobile.EnterInsurantData"/>
  <testcase name="ProductData" time="4.101" classname="automobile.EnterProductData"/>
  <testcase name="PriceOption" time="8.212" classname="automobile.SelectPriceOption"/>
  <testcase name="Quote" time="1.831" classname="automobile.SendQuote"/>
  <testcase name="Vehicledata" time="27.568" classname="truck.EnterVehicleData"/>
  <testcase name="InsurantData" time="6.848" classname="truck.EnterInsurantData"/>
  <testcase name="ProductData" time="1.053" classname="truck.EnterProductData"/>
  <testcase name="PriceOption" time="4.232" classname="truck.SelectPriceOption"/>
  <testcase name="Quote" time="1.745" classname="truck.SendQuote"/>
  <testcase name="VehicleData" time="18.659" classname="motorcycle.EnterVehicleData"/>
  <testcase name="InsurantData" time="6.571" classname="motorcycle.EnterInsurantData"/>
  <testcase name="ProductData" time="4.927" classname="motorcycle.EnterProductData"/>
  <testcase name="PriceOption" time="4.206" classname="motorcycle.SelectPriceOption"/>
  <testcase name="Quote" time="1.974" classname="motorcycle.SendQuote"/>
  <testcase name="VehicleData" time="3.421" classname="camper.EnterVehicleData"/>
  <testcase name="InsurantData" time="2.709" classname="camper.EnterInsurantData"/>
  <testcase name="ProductData" time="1.007" classname="camper.EnterProductData"/>
  <testcase name="PriceOption" time="3.228" classname="camper.SelectPriceOption"/>
  <testcase name="Quote" time="1.608" classname="camper.SendQuote"/>
  <testcase name="@BeforeTest Chromebrowser" time="0.0" classname="browsers.Browser">
    <ignored/>
  </testcase> <!-- @BeforeTest Chromebrowser -->
  <testcase name="@BeforeTest Chromebrowser" time="0.0" classname="browsers.Browser">
    <ignored/>
  </testcase> <!-- @BeforeTest Chromebrowser -->
  <testcase name="@BeforeTest Chromebrowser" time="0.0" classname="browsers.Browser">
    <ignored/>
  </testcase> <!-- @BeforeTest Chromebrowser -->
  <testcase name="@BeforeTest Chromebrowser" time="0.0" classname="browsers.Browser">
    <ignored/>
  </testcase> <!-- @BeforeTest Chromebrowser -->
  <testcase name="@BeforeTest Chromebrowser" time="0.0" classname="browsers.Browser">
    <ignored/>
  </testcase> <!-- @BeforeTest Chromebrowser -->
  <testcase name="@BeforeTest Chromebrowser" time="0.0" classname="browsers.Browser">
    <ignored/>
  </testcase> <!-- @BeforeTest Chromebrowser -->
  <testcase name="@BeforeTest Chromebrowser" time="0.0" classname="browsers.Browser">
    <ignored/>
  </testcase> <!-- @BeforeTest Chromebrowser -->
  <testcase name="@BeforeTest Chromebrowser" time="0.0" classname="browsers.Browser">
    <ignored/>
  </testcase> <!-- @BeforeTest Chromebrowser -->
  <testcase name="@BeforeTest Chromebrowser" time="0.0" classname="browsers.Browser">
    <ignored/>
  </testcase> <!-- @BeforeTest Chromebrowser -->
  <testcase name="@BeforeTest Chromebrowser" time="0.0" classname="browsers.Browser">
    <ignored/>
  </testcase> <!-- @BeforeTest Chromebrowser -->
  <testcase name="@BeforeTest Chromebrowser" time="0.0" classname="browsers.Browser">
    <ignored/>
  </testcase> <!-- @BeforeTest Chromebrowser -->
  <testcase name="@BeforeTest Chromebrowser" time="0.0" classname="browsers.Browser">
    <ignored/>
  </testcase> <!-- @BeforeTest Chromebrowser -->
  <testcase name="@BeforeTest Chromebrowser" time="0.0" classname="browsers.Browser">
    <ignored/>
  </testcase> <!-- @BeforeTest Chromebrowser -->
  <testcase name="@BeforeTest Chromebrowser" time="0.0" classname="browsers.Browser">
    <ignored/>
  </testcase> <!-- @BeforeTest Chromebrowser -->
  <testcase name="@BeforeTest Chromebrowser" time="0.0" classname="browsers.Browser">
    <ignored/>
  </testcase> <!-- @BeforeTest Chromebrowser -->
  <testcase name="@BeforeTest Chromebrowser" time="0.0" classname="browsers.Browser">
    <ignored/>
  </testcase> <!-- @BeforeTest Chromebrowser -->
  <testcase name="@BeforeTest Chromebrowser" time="0.0" classname="browsers.Browser">
    <ignored/>
  </testcase> <!-- @BeforeTest Chromebrowser -->
  <testcase name="@BeforeTest Chromebrowser" time="0.0" classname="browsers.Browser">
    <ignored/>
  </testcase> <!-- @BeforeTest Chromebrowser -->
  <testcase name="@BeforeTest Chromebrowser" time="0.0" classname="browsers.Browser">
    <ignored/>
  </testcase> <!-- @BeforeTest Chromebrowser -->
</testsuite> <!-- Test -->
