<?xml version="1.0" encoding="UTF-8"?>
<testng-results ignored="1" total="5" passed="4" failed="0" skipped="0">
  <reporter-output>
  </reporter-output>
  <suite started-at="2021-06-09T05:37:33Z" name="Suite" finished-at="2021-06-09T05:37:44Z" duration-ms="10432">
    <groups>
    </groups>
    <test started-at="2021-06-09T05:37:33Z" name="Test" finished-at="2021-06-09T05:37:44Z" duration-ms="10432">
      <class name="com.tricentis.automation.driver.Driver">
        <test-method is-config="true" signature="suiteInitializer()[pri:0, instance:com.tricentis.automation.driver.Driver@4416d64f]" started-at="2021-06-09T11:07:33Z" name="suiteInitializer" finished-at="2021-06-09T11:07:33Z" duration-ms="12" status="PASS">
          <reporter-output>
          </reporter-output>
        </test-method> <!-- suiteInitializer -->
      </class> <!-- com.tricentis.automation.driver.Driver -->
      <class name="com.tricentis.automation.scripts.fieldVerification.HomePageTests">
        <test-method is-config="true" signature="initialize(java.lang.String)[pri:0, instance:com.tricentis.automation.scripts.fieldVerification.HomePageTests@6bf08014]" started-at="2021-06-09T11:07:33Z" name="initialize" finished-at="2021-06-09T11:07:41Z" duration-ms="7970" status="PASS">
          <params>
            <param index="0">
              <value>
                <![CDATA[chrome]]>
              </value>
            </param>
          </params>
          <reporter-output>
          </reporter-output>
        </test-method> <!-- initialize -->
        <test-method signature="verifyAutomationlink()[pri:0, instance:com.tricentis.automation.scripts.fieldVerification.HomePageTests@6bf08014]" started-at="2021-06-09T11:07:41Z" name="verifyAutomationlink" finished-at="2021-06-09T11:07:42Z" duration-ms="1154" status="PASS">
          <reporter-output>
          </reporter-output>
        </test-method> <!-- verifyAutomationlink -->
        <test-method signature="verifyCamperlink()[pri:0, instance:com.tricentis.automation.scripts.fieldVerification.HomePageTests@6bf08014]" started-at="2021-06-09T11:07:42Z" name="verifyCamperlink" finished-at="2021-06-09T11:07:42Z" duration-ms="1" status="PASS">
          <reporter-output>
          </reporter-output>
        </test-method> <!-- verifyCamperlink -->
        <test-method signature="verifyMotorCyclelink()[pri:0, instance:com.tricentis.automation.scripts.fieldVerification.HomePageTests@6bf08014]" started-at="2021-06-09T11:07:42Z" name="verifyMotorCyclelink" finished-at="2021-06-09T11:07:42Z" duration-ms="2" status="PASS">
          <reporter-output>
          </reporter-output>
        </test-method> <!-- verifyMotorCyclelink -->
        <test-method signature="verifyTrucklink()[pri:0, instance:com.tricentis.automation.scripts.fieldVerification.HomePageTests@6bf08014]" started-at="2021-06-09T11:07:42Z" name="verifyTrucklink" finished-at="2021-06-09T11:07:42Z" duration-ms="1" status="PASS">
          <reporter-output>
          </reporter-output>
        </test-method> <!-- verifyTrucklink -->
        <test-method is-config="true" signature="tearDown()[pri:0, instance:com.tricentis.automation.scripts.fieldVerification.HomePageTests@6bf08014]" started-at="2021-06-09T11:07:42Z" name="tearDown" finished-at="2021-06-09T11:07:44Z" duration-ms="1282" status="PASS">
          <reporter-output>
          </reporter-output>
        </test-method> <!-- tearDown -->
      </class> <!-- com.tricentis.automation.scripts.fieldVerification.HomePageTests -->
    </test> <!-- Test -->
  </suite> <!-- Suite -->
</testng-results>
