<?xml version="1.0" encoding="UTF-8"?>
<!-- Generated by org.testng.reporters.JUnitXMLReporter -->
<testsuite hostname="SHASHANK_SUDHIR" ignored="0" name="Test" tests="4" failures="0" timestamp="2020-03-10T09:45:46 IST" time="0.146" errors="0">
  <testcase name="test1" time="0.007" classname="testngAnnotations.LearnDataProvider"/>
  <testcase name="test1" time="0.006" classname="testngAnnotations.LearnDataProvider"/>
  <testcase name="test1" time="0.011" classname="testngAnnotations.LearnDataProvider"/>
  <testcase name="test1" time="0.006" classname="testngAnnotations.LearnDataProvider"/>
</testsuite> <!-- Test -->
