<?xml version="1.0" encoding="UTF-8"?>
<!-- Generated by org.testng.reporters.JUnitXMLReporter -->
<testsuite hostname="SHASHANK_SUDHIR" ignored="4" name="Test depends on method feature" tests="10" failures="1" timestamp="2020-03-03T18:08:27 IST" time="0.199" errors="0">
  <testcase name="login" time="0.013" classname="testngAnnotations.DependsOnMethod">
    <failure type="java.lang.ArithmeticException" message="/ by zero">
      <![CDATA[java.lang.ArithmeticException: / by zero
at testngAnnotations.DependsOnMethod.login(DependsOnMethod.java:34)
at java.util.ArrayList.forEach(Unknown Source)
... Removed 27 stack frames]]>
    </failure>
  </testcase> <!-- login -->
  <testcase name="verifyhomepage" time="0.0" classname="testngAnnotations.DependsOnMethod">
    <skipped/>
  </testcase> <!-- verifyhomepage -->
  <testcase name="logout" time="0.001" classname="testngAnnotations.DependsOnMethod">
    <skipped/>
  </testcase> <!-- logout -->
  <testcase name="test1" time="0.003" classname="testngAnnotations.FirstTestNGClass"/>
  <testcase name="test2" time="0.002" classname="testngAnnotations.FirstTestNGClass"/>
  <testcase name="test3" time="0.002" classname="testngAnnotations.FirstTestNGClass"/>
  <testcase name="test4" time="0.003" classname="testngAnnotations.FirstTestNGClass"/>
  <testcase name="test6" time="0.004" classname="testngAnnotations.FirstTestNGClass"/>
  <testcase name="test7" time="0.003" classname="testngAnnotations.FirstTestNGClass"/>
  <testcase name="test5" time="0.011" classname="testngAnnotations.FirstTestNGClass"/>
  <testcase name="@AfterTest truckTeardown" time="0.0" classname="testngAnnotations.TestIntilizationAndTearDown">
    <ignored/>
  </testcase> <!-- @AfterTest truckTeardown -->
  <testcase name="@AfterSuite suiteTeardown" time="0.0" classname="testngAnnotations.SuiteIntilizationAndTearDown">
    <ignored/>
  </testcase> <!-- @AfterSuite suiteTeardown -->
  <testcase name="@BeforeTest automobileInitialztion" time="0.0" classname="testngAnnotations.TestIntilizationAndTearDown">
    <ignored/>
  </testcase> <!-- @BeforeTest automobileInitialztion -->
  <testcase name="@BeforeSuite suiteInitilaztion" time="0.0" classname="testngAnnotations.SuiteIntilizationAndTearDown">
    <ignored/>
  </testcase> <!-- @BeforeSuite suiteInitilaztion -->
</testsuite> <!-- Test depends on method feature -->
