<?xml version="1.0" encoding="UTF-8"?>
<!-- Generated by org.testng.reporters.JUnitXMLReporter -->
<testsuite hostname="SHASHANK_SUDHIR" ignored="0" name="Test" tests="3" failures="1" timestamp="2020-03-03T09:24:29 IST" time="0.193" errors="0">
  <testcase name="login" time="0.026" classname="testngAnnotations.DependsOnMethod">
    <failure type="java.lang.ArithmeticException" message="/ by zero">
      <![CDATA[java.lang.ArithmeticException: / by zero
at testngAnnotations.DependsOnMethod.login(DependsOnMethod.java:8)
at java.util.ArrayList.forEach(Unknown Source)
... Removed 27 stack frames]]>
    </failure>
  </testcase> <!-- login -->
  <testcase name="verifyhomepage" time="0.0" classname="testngAnnotations.DependsOnMethod">
    <skipped/>
  </testcase> <!-- verifyhomepage -->
  <testcase name="logout" time="0.0" classname="testngAnnotations.DependsOnMethod">
    <skipped/>
  </testcase> <!-- logout -->
</testsuite> <!-- Test -->
