<?xml version="1.0" encoding="UTF-8"?>
<!-- Generated by org.testng.reporters.JUnitXMLReporter -->
<testsuite hostname="SHASHANK_SUDHIR" ignored="1" name="Test on Firefox" tests="4" failures="0" timestamp="2020-03-10T10:02:29 IST" time="0.033" errors="0">
  <testcase name="test1" time="0.004" classname="testngAnnotations.LearnDataProvider"/>
  <testcase name="test1" time="0.003" classname="testngAnnotations.LearnDataProvider"/>
  <testcase name="test1" time="0.003" classname="testngAnnotations.LearnDataProvider"/>
  <testcase name="test1" time="0.002" classname="testngAnnotations.LearnDataProvider"/>
  <testcase name="Test1" time="0.0" classname="testngAnnotations.LearnDataProvider">
    <ignored/>
  </testcase> <!-- Test1 -->
</testsuite> <!-- Test on Firefox -->
