<?xml version="1.0" encoding="UTF-8"?>
<!-- Generated by org.testng.reporters.JUnitXMLReporter -->
<testsuite hostname="SHASHANK_SUDHIR" ignored="26" name="Default test" tests="20" failures="0" timestamp="2020-03-03T23:01:33 IST" time="0.187" errors="0">
  <testcase name="PriceOption" time="0.02" classname="camper.SelectPriceOption"/>
  <testcase name="VehicleData" time="0.002" classname="motorcycle.EnterVehicleData"/>
  <testcase name="InsurantData" time="0.003" classname="truck.EnterInsurantData"/>
  <testcase name="ProductData" time="0.002" classname="camper.EnterProductData"/>
  <testcase name="VehicleData" time="0.003" classname="camper.EnterVehicleData"/>
  <testcase name="ProductData" time="0.002" classname="motorcycle.EnterProductData"/>
  <testcase name="VehicleData" time="0.001" classname="truck.EnterVehicleData"/>
  <testcase name="ProductData" time="0.001" classname="truck.EnterProductData"/>
  <testcase name="InsurantData" time="0.004" classname="camper.EnterInsurantData"/>
  <testcase name="InsurantData" time="0.003" classname="automobile.EnterInsurantData"/>
  <testcase name="Quote" time="0.002" classname="camper.SendQuote"/>
  <testcase name="PriceOption" time="0.001" classname="automobile.SelectPriceOption"/>
  <testcase name="ProductData" time="0.002" classname="automobile.EnterProductData"/>
  <testcase name="InsurantData" time="0.002" classname="motorcycle.EnterInsurantData"/>
  <testcase name="Quote" time="0.001" classname="motorcycle.SendQuote"/>
  <testcase name="VehicleData" time="0.001" classname="automobile.EnterVehicleData"/>
  <testcase name="Quote" time="0.001" classname="automobile.SendQuote"/>
  <testcase name="PriceOption" time="0.002" classname="motorcycle.SelectPriceOption"/>
  <testcase name="Quote" time="0.002" classname="truck.SendQuote"/>
  <testcase name="PriceOption" time="0.002" classname="truck.SelectPriceOption"/>
  <testcase name="@AfterSuite suiteTeardown" time="0.0" classname="testngAnnotations.SuiteIntilizationAndTearDown">
    <ignored/>
  </testcase> <!-- @AfterSuite suiteTeardown -->
  <testcase name="@AfterSuite suiteTeardown" time="0.0" classname="testngAnnotations.SuiteIntilizationAndTearDown">
    <ignored/>
  </testcase> <!-- @AfterSuite suiteTeardown -->
  <testcase name="@AfterSuite suiteTeardown" time="0.0" classname="testngAnnotations.SuiteIntilizationAndTearDown">
    <ignored/>
  </testcase> <!-- @AfterSuite suiteTeardown -->
  <testcase name="@AfterSuite suiteTeardown" time="0.0" classname="testngAnnotations.SuiteIntilizationAndTearDown">
    <ignored/>
  </testcase> <!-- @AfterSuite suiteTeardown -->
  <testcase name="@AfterSuite suiteTeardown" time="0.0" classname="testngAnnotations.SuiteIntilizationAndTearDown">
    <ignored/>
  </testcase> <!-- @AfterSuite suiteTeardown -->
  <testcase name="@AfterSuite suiteTeardown" time="0.0" classname="testngAnnotations.SuiteIntilizationAndTearDown">
    <ignored/>
  </testcase> <!-- @AfterSuite suiteTeardown -->
  <testcase name="@AfterSuite suiteTeardown" time="0.0" classname="testngAnnotations.SuiteIntilizationAndTearDown">
    <ignored/>
  </testcase> <!-- @AfterSuite suiteTeardown -->
  <testcase name="@AfterSuite suiteTeardown" time="0.0" classname="testngAnnotations.SuiteIntilizationAndTearDown">
    <ignored/>
  </testcase> <!-- @AfterSuite suiteTeardown -->
  <testcase name="@AfterTest automobileTeardown" time="0.0" classname="automobile.Testintialization">
    <ignored/>
  </testcase> <!-- @AfterTest automobileTeardown -->
  <testcase name="@AfterTest automobileTeardown" time="0.0" classname="automobile.Testintialization">
    <ignored/>
  </testcase> <!-- @AfterTest automobileTeardown -->
  <testcase name="@AfterTest automobileTeardown" time="0.0" classname="automobile.Testintialization">
    <ignored/>
  </testcase> <!-- @AfterTest automobileTeardown -->
  <testcase name="@AfterTest automobileTeardown" time="0.0" classname="automobile.Testintialization">
    <ignored/>
  </testcase> <!-- @AfterTest automobileTeardown -->
  <testcase name="@AfterTest automobileTeardown" time="0.0" classname="automobile.Testintialization">
    <ignored/>
  </testcase> <!-- @AfterTest automobileTeardown -->
  <testcase name="@BeforeTest automobileInitialztion" time="0.0" classname="automobile.Testintialization">
    <ignored/>
  </testcase> <!-- @BeforeTest automobileInitialztion -->
  <testcase name="@BeforeTest automobileInitialztion" time="0.0" classname="automobile.Testintialization">
    <ignored/>
  </testcase> <!-- @BeforeTest automobileInitialztion -->
  <testcase name="@BeforeTest automobileInitialztion" time="0.0" classname="automobile.Testintialization">
    <ignored/>
  </testcase> <!-- @BeforeTest automobileInitialztion -->
  <testcase name="@BeforeTest automobileInitialztion" time="0.0" classname="automobile.Testintialization">
    <ignored/>
  </testcase> <!-- @BeforeTest automobileInitialztion -->
  <testcase name="@BeforeTest automobileInitialztion" time="0.0" classname="automobile.Testintialization">
    <ignored/>
  </testcase> <!-- @BeforeTest automobileInitialztion -->
  <testcase name="@BeforeSuite suiteInitilaztion" time="0.0" classname="testngAnnotations.SuiteIntilizationAndTearDown">
    <ignored/>
  </testcase> <!-- @BeforeSuite suiteInitilaztion -->
  <testcase name="@BeforeSuite suiteInitilaztion" time="0.0" classname="testngAnnotations.SuiteIntilizationAndTearDown">
    <ignored/>
  </testcase> <!-- @BeforeSuite suiteInitilaztion -->
  <testcase name="@BeforeSuite suiteInitilaztion" time="0.0" classname="testngAnnotations.SuiteIntilizationAndTearDown">
    <ignored/>
  </testcase> <!-- @BeforeSuite suiteInitilaztion -->
  <testcase name="@BeforeSuite suiteInitilaztion" time="0.0" classname="testngAnnotations.SuiteIntilizationAndTearDown">
    <ignored/>
  </testcase> <!-- @BeforeSuite suiteInitilaztion -->
  <testcase name="@BeforeSuite suiteInitilaztion" time="0.0" classname="testngAnnotations.SuiteIntilizationAndTearDown">
    <ignored/>
  </testcase> <!-- @BeforeSuite suiteInitilaztion -->
  <testcase name="@BeforeSuite suiteInitilaztion" time="0.0" classname="testngAnnotations.SuiteIntilizationAndTearDown">
    <ignored/>
  </testcase> <!-- @BeforeSuite suiteInitilaztion -->
  <testcase name="@BeforeSuite suiteInitilaztion" time="0.0" classname="testngAnnotations.SuiteIntilizationAndTearDown">
    <ignored/>
  </testcase> <!-- @BeforeSuite suiteInitilaztion -->
  <testcase name="@BeforeSuite suiteInitilaztion" time="0.0" classname="testngAnnotations.SuiteIntilizationAndTearDown">
    <ignored/>
  </testcase> <!-- @BeforeSuite suiteInitilaztion -->
</testsuite> <!-- Default test -->
