<?xml version="1.0" encoding="UTF-8"?>
<testng-results skipped="4" failed="2" ignored="8" total="28" passed="14">
  <reporter-output>
  </reporter-output>
  <suite name="Suite" duration-ms="629" started-at="2020-03-03T18:08:26 IST" finished-at="2020-03-03T18:08:27 IST">
    <groups>
    </groups>
    <test name="Test depends on method feature" duration-ms="199" started-at="2020-03-03T18:08:26 IST" finished-at="2020-03-03T18:08:27 IST">
      <class name="testngAnnotations.DependsOnMethod">
        <test-method status="PASS" signature="automobileInitialztion()[pri:0, instance:testngAnnotations.DependsOnMethod@527740a2]" name="automobileInitialztion" is-config="true" duration-ms="0" started-at="2020-03-03T18:08:26 IST" finished-at="2020-03-03T18:08:26 IST">
          <reporter-output>
          </reporter-output>
        </test-method> <!-- automobileInitialztion -->
        <test-method status="PASS" signature="beforeClass()[pri:0, instance:testngAnnotations.DependsOnMethod@527740a2]" name="beforeClass" is-config="true" duration-ms="0" started-at="2020-03-03T18:08:26 IST" finished-at="2020-03-03T18:08:26 IST">
          <reporter-output>
          </reporter-output>
        </test-method> <!-- beforeClass -->
        <test-method status="PASS" signature="beforeMethod()[pri:0, instance:testngAnnotations.DependsOnMethod@527740a2]" name="beforeMethod" is-config="true" duration-ms="0" started-at="2020-03-03T18:08:26 IST" finished-at="2020-03-03T18:08:26 IST">
          <reporter-output>
          </reporter-output>
        </test-method> <!-- beforeMethod -->
        <test-method status="FAIL" signature="login()[pri:0, instance:testngAnnotations.DependsOnMethod@527740a2]" name="login" duration-ms="13" started-at="2020-03-03T18:08:26 IST" finished-at="2020-03-03T18:08:26 IST">
          <exception class="java.lang.ArithmeticException">
            <message>
              <![CDATA[/ by zero]]>
            </message>
            <full-stacktrace>
              <![CDATA[java.lang.ArithmeticException: / by zero
at testngAnnotations.DependsOnMethod.login(DependsOnMethod.java:34)
at sun.reflect.NativeMethodAccessorImpl.invoke0(Native Method)
at sun.reflect.NativeMethodAccessorImpl.invoke(Unknown Source)
at sun.reflect.DelegatingMethodAccessorImpl.invoke(Unknown Source)
at java.lang.reflect.Method.invoke(Unknown Source)
at org.testng.internal.MethodInvocationHelper.invokeMethod(MethodInvocationHelper.java:133)
at org.testng.internal.TestInvoker.invokeMethod(TestInvoker.java:584)
at org.testng.internal.TestInvoker.invokeTestMethod(TestInvoker.java:172)
at org.testng.internal.MethodRunner.runInSequence(MethodRunner.java:46)
at org.testng.internal.TestInvoker$MethodInvocationAgent.invoke(TestInvoker.java:804)
at org.testng.internal.TestInvoker.invokeTestMethods(TestInvoker.java:145)
at org.testng.internal.TestMethodWorker.invokeTestMethods(TestMethodWorker.java:146)
at org.testng.internal.TestMethodWorker.run(TestMethodWorker.java:128)
at java.util.ArrayList.forEach(Unknown Source)
at org.testng.TestRunner.privateRun(TestRunner.java:770)
at org.testng.TestRunner.run(TestRunner.java:591)
at org.testng.SuiteRunner.runTest(SuiteRunner.java:402)
at org.testng.SuiteRunner.runSequentially(SuiteRunner.java:396)
at org.testng.SuiteRunner.privateRun(SuiteRunner.java:355)
at org.testng.SuiteRunner.run(SuiteRunner.java:304)
at org.testng.SuiteRunnerWorker.runSuite(SuiteRunnerWorker.java:53)
at org.testng.SuiteRunnerWorker.run(SuiteRunnerWorker.java:96)
at org.testng.TestNG.runSuitesSequentially(TestNG.java:1180)
at org.testng.TestNG.runSuitesLocally(TestNG.java:1102)
at org.testng.TestNG.runSuites(TestNG.java:1032)
at org.testng.TestNG.run(TestNG.java:1000)
at org.testng.remote.AbstractRemoteTestNG.run(AbstractRemoteTestNG.java:115)
at org.testng.remote.RemoteTestNG.initAndRun(RemoteTestNG.java:251)
at org.testng.remote.RemoteTestNG.main(RemoteTestNG.java:77)
]]>
            </full-stacktrace>
          </exception> <!-- java.lang.ArithmeticException -->
          <reporter-output>
          </reporter-output>
        </test-method> <!-- login -->
        <test-method status="PASS" signature="afterMethod()[pri:0, instance:testngAnnotations.DependsOnMethod@527740a2]" name="afterMethod" is-config="true" duration-ms="0" started-at="2020-03-03T18:08:26 IST" finished-at="2020-03-03T18:08:26 IST">
          <reporter-output>
          </reporter-output>
        </test-method> <!-- afterMethod -->
        <test-method status="SKIP" signature="verifyhomepage()[pri:0, instance:testngAnnotations.DependsOnMethod@527740a2]" name="verifyhomepage" duration-ms="0" started-at="2020-03-03T18:08:26 IST" depends-on-methods="testngAnnotations.DependsOnMethod.login" finished-at="2020-03-03T18:08:26 IST">
          <exception class="java.lang.Throwable">
            <message>
              <![CDATA[Method DependsOnMethod.verifyhomepage()[pri:0, instance:testngAnnotations.DependsOnMethod@527740a2] depends on not successfully finished methods]]>
            </message>
            <full-stacktrace>
              <![CDATA[java.lang.Throwable: Method DependsOnMethod.verifyhomepage()[pri:0, instance:testngAnnotations.DependsOnMethod@527740a2] depends on not successfully finished methods
at org.testng.internal.TestInvoker.invokeTestMethods(TestInvoker.java:99)
at org.testng.internal.TestMethodWorker.invokeTestMethods(TestMethodWorker.java:146)
at org.testng.internal.TestMethodWorker.run(TestMethodWorker.java:128)
at java.util.ArrayList.forEach(Unknown Source)
at org.testng.TestRunner.privateRun(TestRunner.java:770)
at org.testng.TestRunner.run(TestRunner.java:591)
at org.testng.SuiteRunner.runTest(SuiteRunner.java:402)
at org.testng.SuiteRunner.runSequentially(SuiteRunner.java:396)
at org.testng.SuiteRunner.privateRun(SuiteRunner.java:355)
at org.testng.SuiteRunner.run(SuiteRunner.java:304)
at org.testng.SuiteRunnerWorker.runSuite(SuiteRunnerWorker.java:53)
at org.testng.SuiteRunnerWorker.run(SuiteRunnerWorker.java:96)
at org.testng.TestNG.runSuitesSequentially(TestNG.java:1180)
at org.testng.TestNG.runSuitesLocally(TestNG.java:1102)
at org.testng.TestNG.runSuites(TestNG.java:1032)
at org.testng.TestNG.run(TestNG.java:1000)
at org.testng.remote.AbstractRemoteTestNG.run(AbstractRemoteTestNG.java:115)
at org.testng.remote.RemoteTestNG.initAndRun(RemoteTestNG.java:251)
at org.testng.remote.RemoteTestNG.main(RemoteTestNG.java:77)
]]>
            </full-stacktrace>
          </exception> <!-- java.lang.Throwable -->
          <reporter-output>
          </reporter-output>
        </test-method> <!-- verifyhomepage -->
        <test-method status="SKIP" signature="logout()[pri:0, instance:testngAnnotations.DependsOnMethod@527740a2]" name="logout" duration-ms="1" started-at="2020-03-03T18:08:26 IST" depends-on-methods="testngAnnotations.DependsOnMethod.verifyhomepage, testngAnnotations.DependsOnMethod.login" finished-at="2020-03-03T18:08:26 IST">
          <exception class="java.lang.Throwable">
            <message>
              <![CDATA[Method DependsOnMethod.logout()[pri:0, instance:testngAnnotations.DependsOnMethod@527740a2] depends on not successfully finished methods]]>
            </message>
            <full-stacktrace>
              <![CDATA[java.lang.Throwable: Method DependsOnMethod.logout()[pri:0, instance:testngAnnotations.DependsOnMethod@527740a2] depends on not successfully finished methods
at org.testng.internal.TestInvoker.invokeTestMethods(TestInvoker.java:99)
at org.testng.internal.TestMethodWorker.invokeTestMethods(TestMethodWorker.java:146)
at org.testng.internal.TestMethodWorker.run(TestMethodWorker.java:128)
at java.util.ArrayList.forEach(Unknown Source)
at org.testng.TestRunner.privateRun(TestRunner.java:770)
at org.testng.TestRunner.run(TestRunner.java:591)
at org.testng.SuiteRunner.runTest(SuiteRunner.java:402)
at org.testng.SuiteRunner.runSequentially(SuiteRunner.java:396)
at org.testng.SuiteRunner.privateRun(SuiteRunner.java:355)
at org.testng.SuiteRunner.run(SuiteRunner.java:304)
at org.testng.SuiteRunnerWorker.runSuite(SuiteRunnerWorker.java:53)
at org.testng.SuiteRunnerWorker.run(SuiteRunnerWorker.java:96)
at org.testng.TestNG.runSuitesSequentially(TestNG.java:1180)
at org.testng.TestNG.runSuitesLocally(TestNG.java:1102)
at org.testng.TestNG.runSuites(TestNG.java:1032)
at org.testng.TestNG.run(TestNG.java:1000)
at org.testng.remote.AbstractRemoteTestNG.run(AbstractRemoteTestNG.java:115)
at org.testng.remote.RemoteTestNG.initAndRun(RemoteTestNG.java:251)
at org.testng.remote.RemoteTestNG.main(RemoteTestNG.java:77)
]]>
            </full-stacktrace>
          </exception> <!-- java.lang.Throwable -->
          <reporter-output>
          </reporter-output>
        </test-method> <!-- logout -->
        <test-method status="PASS" signature="afterClass()[pri:0, instance:testngAnnotations.DependsOnMethod@527740a2]" name="afterClass" is-config="true" duration-ms="1" started-at="2020-03-03T18:08:26 IST" finished-at="2020-03-03T18:08:26 IST">
          <reporter-output>
          </reporter-output>
        </test-method> <!-- afterClass -->
        <test-method status="PASS" signature="truckTeardown()[pri:0, instance:testngAnnotations.DependsOnMethod@527740a2]" name="truckTeardown" is-config="true" duration-ms="1" started-at="2020-03-03T18:08:27 IST" finished-at="2020-03-03T18:08:27 IST">
          <reporter-output>
          </reporter-output>
        </test-method> <!-- truckTeardown -->
      </class> <!-- testngAnnotations.DependsOnMethod -->
      <class name="testngAnnotations.FirstTestNGClass">
        <test-method status="PASS" signature="beforeClass()[pri:0, instance:testngAnnotations.FirstTestNGClass@13a5fe33]" name="beforeClass" is-config="true" duration-ms="0" started-at="2020-03-03T18:08:26 IST" finished-at="2020-03-03T18:08:26 IST">
          <reporter-output>
          </reporter-output>
        </test-method> <!-- beforeClass -->
        <test-method status="PASS" signature="beforeMethod()[pri:0, instance:testngAnnotations.FirstTestNGClass@13a5fe33]" name="beforeMethod" is-config="true" duration-ms="1" started-at="2020-03-03T18:08:26 IST" finished-at="2020-03-03T18:08:26 IST">
          <reporter-output>
          </reporter-output>
        </test-method> <!-- beforeMethod -->
        <test-method status="PASS" signature="test1()[pri:0, instance:testngAnnotations.FirstTestNGClass@13a5fe33]" name="test1" duration-ms="3" started-at="2020-03-03T18:08:26 IST" finished-at="2020-03-03T18:08:26 IST">
          <reporter-output>
          </reporter-output>
        </test-method> <!-- test1 -->
        <test-method status="PASS" signature="afterMethod()[pri:0, instance:testngAnnotations.FirstTestNGClass@13a5fe33]" name="afterMethod" is-config="true" duration-ms="0" started-at="2020-03-03T18:08:26 IST" finished-at="2020-03-03T18:08:26 IST">
          <reporter-output>
          </reporter-output>
        </test-method> <!-- afterMethod -->
        <test-method status="PASS" signature="beforeMethod()[pri:0, instance:testngAnnotations.FirstTestNGClass@13a5fe33]" name="beforeMethod" is-config="true" duration-ms="0" started-at="2020-03-03T18:08:26 IST" finished-at="2020-03-03T18:08:26 IST">
          <reporter-output>
          </reporter-output>
        </test-method> <!-- beforeMethod -->
        <test-method status="PASS" signature="test2()[pri:0, instance:testngAnnotations.FirstTestNGClass@13a5fe33]" name="test2" duration-ms="2" started-at="2020-03-03T18:08:26 IST" finished-at="2020-03-03T18:08:26 IST">
          <reporter-output>
          </reporter-output>
        </test-method> <!-- test2 -->
        <test-method status="PASS" signature="afterMethod()[pri:0, instance:testngAnnotations.FirstTestNGClass@13a5fe33]" name="afterMethod" is-config="true" duration-ms="0" started-at="2020-03-03T18:08:26 IST" finished-at="2020-03-03T18:08:26 IST">
          <reporter-output>
          </reporter-output>
        </test-method> <!-- afterMethod -->
        <test-method status="PASS" signature="beforeMethod()[pri:0, instance:testngAnnotations.FirstTestNGClass@13a5fe33]" name="beforeMethod" is-config="true" duration-ms="1" started-at="2020-03-03T18:08:26 IST" finished-at="2020-03-03T18:08:26 IST">
          <reporter-output>
          </reporter-output>
        </test-method> <!-- beforeMethod -->
        <test-method status="PASS" signature="test3()[pri:0, instance:testngAnnotations.FirstTestNGClass@13a5fe33]" name="test3" duration-ms="2" started-at="2020-03-03T18:08:26 IST" finished-at="2020-03-03T18:08:27 IST">
          <reporter-output>
          </reporter-output>
        </test-method> <!-- test3 -->
        <test-method status="PASS" signature="afterMethod()[pri:0, instance:testngAnnotations.FirstTestNGClass@13a5fe33]" name="afterMethod" is-config="true" duration-ms="1" started-at="2020-03-03T18:08:27 IST" finished-at="2020-03-03T18:08:27 IST">
          <reporter-output>
          </reporter-output>
        </test-method> <!-- afterMethod -->
        <test-method status="PASS" signature="beforeMethod()[pri:0, instance:testngAnnotations.FirstTestNGClass@13a5fe33]" name="beforeMethod" is-config="true" duration-ms="1" started-at="2020-03-03T18:08:27 IST" finished-at="2020-03-03T18:08:27 IST">
          <reporter-output>
          </reporter-output>
        </test-method> <!-- beforeMethod -->
        <test-method status="PASS" signature="test4()[pri:0, instance:testngAnnotations.FirstTestNGClass@13a5fe33]" name="test4" duration-ms="3" started-at="2020-03-03T18:08:27 IST" finished-at="2020-03-03T18:08:27 IST">
          <reporter-output>
          </reporter-output>
        </test-method> <!-- test4 -->
        <test-method status="PASS" signature="afterMethod()[pri:0, instance:testngAnnotations.FirstTestNGClass@13a5fe33]" name="afterMethod" is-config="true" duration-ms="1" started-at="2020-03-03T18:08:27 IST" finished-at="2020-03-03T18:08:27 IST">
          <reporter-output>
          </reporter-output>
        </test-method> <!-- afterMethod -->
        <test-method status="PASS" signature="beforeMethod()[pri:0, instance:testngAnnotations.FirstTestNGClass@13a5fe33]" name="beforeMethod" is-config="true" duration-ms="0" started-at="2020-03-03T18:08:27 IST" finished-at="2020-03-03T18:08:27 IST">
          <reporter-output>
          </reporter-output>
        </test-method> <!-- beforeMethod -->
        <test-method status="PASS" signature="test6()[pri:0, instance:testngAnnotations.FirstTestNGClass@13a5fe33]" name="test6" duration-ms="4" started-at="2020-03-03T18:08:27 IST" finished-at="2020-03-03T18:08:27 IST">
          <reporter-output>
          </reporter-output>
        </test-method> <!-- test6 -->
        <test-method status="PASS" signature="afterMethod()[pri:0, instance:testngAnnotations.FirstTestNGClass@13a5fe33]" name="afterMethod" is-config="true" duration-ms="0" started-at="2020-03-03T18:08:27 IST" finished-at="2020-03-03T18:08:27 IST">
          <reporter-output>
          </reporter-output>
        </test-method> <!-- afterMethod -->
        <test-method status="PASS" signature="beforeMethod()[pri:0, instance:testngAnnotations.FirstTestNGClass@13a5fe33]" name="beforeMethod" is-config="true" duration-ms="1" started-at="2020-03-03T18:08:27 IST" finished-at="2020-03-03T18:08:27 IST">
          <reporter-output>
          </reporter-output>
        </test-method> <!-- beforeMethod -->
        <test-method status="PASS" signature="test7()[pri:1, instance:testngAnnotations.FirstTestNGClass@13a5fe33]" name="test7" duration-ms="3" started-at="2020-03-03T18:08:27 IST" finished-at="2020-03-03T18:08:27 IST">
          <reporter-output>
          </reporter-output>
        </test-method> <!-- test7 -->
        <test-method status="PASS" signature="afterMethod()[pri:0, instance:testngAnnotations.FirstTestNGClass@13a5fe33]" name="afterMethod" is-config="true" duration-ms="4" started-at="2020-03-03T18:08:27 IST" finished-at="2020-03-03T18:08:27 IST">
          <reporter-output>
          </reporter-output>
        </test-method> <!-- afterMethod -->
        <test-method status="PASS" signature="beforeMethod()[pri:0, instance:testngAnnotations.FirstTestNGClass@13a5fe33]" name="beforeMethod" is-config="true" duration-ms="2" started-at="2020-03-03T18:08:27 IST" finished-at="2020-03-03T18:08:27 IST">
          <reporter-output>
          </reporter-output>
        </test-method> <!-- beforeMethod -->
        <test-method status="PASS" signature="test5()[pri:2, instance:testngAnnotations.FirstTestNGClass@13a5fe33]" name="test5" duration-ms="11" started-at="2020-03-03T18:08:27 IST" finished-at="2020-03-03T18:08:27 IST">
          <reporter-output>
          </reporter-output>
        </test-method> <!-- test5 -->
        <test-method status="PASS" signature="afterMethod()[pri:0, instance:testngAnnotations.FirstTestNGClass@13a5fe33]" name="afterMethod" is-config="true" duration-ms="1" started-at="2020-03-03T18:08:27 IST" finished-at="2020-03-03T18:08:27 IST">
          <reporter-output>
          </reporter-output>
        </test-method> <!-- afterMethod -->
        <test-method status="PASS" signature="afterClass()[pri:0, instance:testngAnnotations.FirstTestNGClass@13a5fe33]" name="afterClass" is-config="true" duration-ms="1" started-at="2020-03-03T18:08:27 IST" finished-at="2020-03-03T18:08:27 IST">
          <reporter-output>
          </reporter-output>
        </test-method> <!-- afterClass -->
      </class> <!-- testngAnnotations.FirstTestNGClass -->
    </test> <!-- Test depends on method feature -->
    <test name="Test priorty feature" duration-ms="122" started-at="2020-03-03T18:08:27 IST" finished-at="2020-03-03T18:08:27 IST">
      <class name="testngAnnotations.DependsOnMethod">
        <test-method status="PASS" signature="suiteInitilaztion()[pri:0, instance:testngAnnotations.DependsOnMethod@3dd4520b]" name="suiteInitilaztion" is-config="true" duration-ms="21" started-at="2020-03-03T18:08:26 IST" finished-at="2020-03-03T18:08:26 IST">
          <reporter-output>
          </reporter-output>
        </test-method> <!-- suiteInitilaztion -->
        <test-method status="PASS" signature="automobileInitialztion()[pri:0, instance:testngAnnotations.DependsOnMethod@3dd4520b]" name="automobileInitialztion" is-config="true" duration-ms="1" started-at="2020-03-03T18:08:27 IST" finished-at="2020-03-03T18:08:27 IST">
          <reporter-output>
          </reporter-output>
        </test-method> <!-- automobileInitialztion -->
        <test-method status="PASS" signature="beforeClass()[pri:0, instance:testngAnnotations.DependsOnMethod@3dd4520b]" name="beforeClass" is-config="true" duration-ms="3" started-at="2020-03-03T18:08:27 IST" finished-at="2020-03-03T18:08:27 IST">
          <reporter-output>
          </reporter-output>
        </test-method> <!-- beforeClass -->
        <test-method status="PASS" signature="beforeMethod()[pri:0, instance:testngAnnotations.DependsOnMethod@3dd4520b]" name="beforeMethod" is-config="true" duration-ms="3" started-at="2020-03-03T18:08:27 IST" finished-at="2020-03-03T18:08:27 IST">
          <reporter-output>
          </reporter-output>
        </test-method> <!-- beforeMethod -->
        <test-method status="FAIL" signature="login()[pri:0, instance:testngAnnotations.DependsOnMethod@3dd4520b]" name="login" duration-ms="4" started-at="2020-03-03T18:08:27 IST" finished-at="2020-03-03T18:08:27 IST">
          <exception class="java.lang.ArithmeticException">
            <message>
              <![CDATA[/ by zero]]>
            </message>
            <full-stacktrace>
              <![CDATA[java.lang.ArithmeticException: / by zero
at testngAnnotations.DependsOnMethod.login(DependsOnMethod.java:34)
at sun.reflect.NativeMethodAccessorImpl.invoke0(Native Method)
at sun.reflect.NativeMethodAccessorImpl.invoke(Unknown Source)
at sun.reflect.DelegatingMethodAccessorImpl.invoke(Unknown Source)
at java.lang.reflect.Method.invoke(Unknown Source)
at org.testng.internal.MethodInvocationHelper.invokeMethod(MethodInvocationHelper.java:133)
at org.testng.internal.TestInvoker.invokeMethod(TestInvoker.java:584)
at org.testng.internal.TestInvoker.invokeTestMethod(TestInvoker.java:172)
at org.testng.internal.MethodRunner.runInSequence(MethodRunner.java:46)
at org.testng.internal.TestInvoker$MethodInvocationAgent.invoke(TestInvoker.java:804)
at org.testng.internal.TestInvoker.invokeTestMethods(TestInvoker.java:145)
at org.testng.internal.TestMethodWorker.invokeTestMethods(TestMethodWorker.java:146)
at org.testng.internal.TestMethodWorker.run(TestMethodWorker.java:128)
at java.util.ArrayList.forEach(Unknown Source)
at org.testng.TestRunner.privateRun(TestRunner.java:770)
at org.testng.TestRunner.run(TestRunner.java:591)
at org.testng.SuiteRunner.runTest(SuiteRunner.java:402)
at org.testng.SuiteRunner.runSequentially(SuiteRunner.java:396)
at org.testng.SuiteRunner.privateRun(SuiteRunner.java:355)
at org.testng.SuiteRunner.run(SuiteRunner.java:304)
at org.testng.SuiteRunnerWorker.runSuite(SuiteRunnerWorker.java:53)
at org.testng.SuiteRunnerWorker.run(SuiteRunnerWorker.java:96)
at org.testng.TestNG.runSuitesSequentially(TestNG.java:1180)
at org.testng.TestNG.runSuitesLocally(TestNG.java:1102)
at org.testng.TestNG.runSuites(TestNG.java:1032)
at org.testng.TestNG.run(TestNG.java:1000)
at org.testng.remote.AbstractRemoteTestNG.run(AbstractRemoteTestNG.java:115)
at org.testng.remote.RemoteTestNG.initAndRun(RemoteTestNG.java:251)
at org.testng.remote.RemoteTestNG.main(RemoteTestNG.java:77)
]]>
            </full-stacktrace>
          </exception> <!-- java.lang.ArithmeticException -->
          <reporter-output>
          </reporter-output>
        </test-method> <!-- login -->
        <test-method status="PASS" signature="afterMethod()[pri:0, instance:testngAnnotations.DependsOnMethod@3dd4520b]" name="afterMethod" is-config="true" duration-ms="2" started-at="2020-03-03T18:08:27 IST" finished-at="2020-03-03T18:08:27 IST">
          <reporter-output>
          </reporter-output>
        </test-method> <!-- afterMethod -->
        <test-method status="SKIP" signature="verifyhomepage()[pri:0, instance:testngAnnotations.DependsOnMethod@3dd4520b]" name="verifyhomepage" duration-ms="0" started-at="2020-03-03T18:08:27 IST" depends-on-methods="testngAnnotations.DependsOnMethod.login" finished-at="2020-03-03T18:08:27 IST">
          <exception class="java.lang.Throwable">
            <message>
              <![CDATA[Method DependsOnMethod.verifyhomepage()[pri:0, instance:testngAnnotations.DependsOnMethod@3dd4520b] depends on not successfully finished methods]]>
            </message>
            <full-stacktrace>
              <![CDATA[java.lang.Throwable: Method DependsOnMethod.verifyhomepage()[pri:0, instance:testngAnnotations.DependsOnMethod@3dd4520b] depends on not successfully finished methods
at org.testng.internal.TestInvoker.invokeTestMethods(TestInvoker.java:99)
at org.testng.internal.TestMethodWorker.invokeTestMethods(TestMethodWorker.java:146)
at org.testng.internal.TestMethodWorker.run(TestMethodWorker.java:128)
at java.util.ArrayList.forEach(Unknown Source)
at org.testng.TestRunner.privateRun(TestRunner.java:770)
at org.testng.TestRunner.run(TestRunner.java:591)
at org.testng.SuiteRunner.runTest(SuiteRunner.java:402)
at org.testng.SuiteRunner.runSequentially(SuiteRunner.java:396)
at org.testng.SuiteRunner.privateRun(SuiteRunner.java:355)
at org.testng.SuiteRunner.run(SuiteRunner.java:304)
at org.testng.SuiteRunnerWorker.runSuite(SuiteRunnerWorker.java:53)
at org.testng.SuiteRunnerWorker.run(SuiteRunnerWorker.java:96)
at org.testng.TestNG.runSuitesSequentially(TestNG.java:1180)
at org.testng.TestNG.runSuitesLocally(TestNG.java:1102)
at org.testng.TestNG.runSuites(TestNG.java:1032)
at org.testng.TestNG.run(TestNG.java:1000)
at org.testng.remote.AbstractRemoteTestNG.run(AbstractRemoteTestNG.java:115)
at org.testng.remote.RemoteTestNG.initAndRun(RemoteTestNG.java:251)
at org.testng.remote.RemoteTestNG.main(RemoteTestNG.java:77)
]]>
            </full-stacktrace>
          </exception> <!-- java.lang.Throwable -->
          <reporter-output>
          </reporter-output>
        </test-method> <!-- verifyhomepage -->
        <test-method status="SKIP" signature="logout()[pri:0, instance:testngAnnotations.DependsOnMethod@3dd4520b]" name="logout" duration-ms="1" started-at="2020-03-03T18:08:27 IST" depends-on-methods="testngAnnotations.DependsOnMethod.verifyhomepage, testngAnnotations.DependsOnMethod.login" finished-at="2020-03-03T18:08:27 IST">
          <exception class="java.lang.Throwable">
            <message>
              <![CDATA[Method DependsOnMethod.logout()[pri:0, instance:testngAnnotations.DependsOnMethod@3dd4520b] depends on not successfully finished methods]]>
            </message>
            <full-stacktrace>
              <![CDATA[java.lang.Throwable: Method DependsOnMethod.logout()[pri:0, instance:testngAnnotations.DependsOnMethod@3dd4520b] depends on not successfully finished methods
at org.testng.internal.TestInvoker.invokeTestMethods(TestInvoker.java:99)
at org.testng.internal.TestMethodWorker.invokeTestMethods(TestMethodWorker.java:146)
at org.testng.internal.TestMethodWorker.run(TestMethodWorker.java:128)
at java.util.ArrayList.forEach(Unknown Source)
at org.testng.TestRunner.privateRun(TestRunner.java:770)
at org.testng.TestRunner.run(TestRunner.java:591)
at org.testng.SuiteRunner.runTest(SuiteRunner.java:402)
at org.testng.SuiteRunner.runSequentially(SuiteRunner.java:396)
at org.testng.SuiteRunner.privateRun(SuiteRunner.java:355)
at org.testng.SuiteRunner.run(SuiteRunner.java:304)
at org.testng.SuiteRunnerWorker.runSuite(SuiteRunnerWorker.java:53)
at org.testng.SuiteRunnerWorker.run(SuiteRunnerWorker.java:96)
at org.testng.TestNG.runSuitesSequentially(TestNG.java:1180)
at org.testng.TestNG.runSuitesLocally(TestNG.java:1102)
at org.testng.TestNG.runSuites(TestNG.java:1032)
at org.testng.TestNG.run(TestNG.java:1000)
at org.testng.remote.AbstractRemoteTestNG.run(AbstractRemoteTestNG.java:115)
at org.testng.remote.RemoteTestNG.initAndRun(RemoteTestNG.java:251)
at org.testng.remote.RemoteTestNG.main(RemoteTestNG.java:77)
]]>
            </full-stacktrace>
          </exception> <!-- java.lang.Throwable -->
          <reporter-output>
          </reporter-output>
        </test-method> <!-- logout -->
        <test-method status="PASS" signature="afterClass()[pri:0, instance:testngAnnotations.DependsOnMethod@3dd4520b]" name="afterClass" is-config="true" duration-ms="5" started-at="2020-03-03T18:08:27 IST" finished-at="2020-03-03T18:08:27 IST">
          <reporter-output>
          </reporter-output>
        </test-method> <!-- afterClass -->
        <test-method status="PASS" signature="truckTeardown()[pri:0, instance:testngAnnotations.DependsOnMethod@3dd4520b]" name="truckTeardown" is-config="true" duration-ms="1" started-at="2020-03-03T18:08:27 IST" finished-at="2020-03-03T18:08:27 IST">
          <reporter-output>
          </reporter-output>
        </test-method> <!-- truckTeardown -->
        <test-method status="PASS" signature="suiteTeardown()[pri:0, instance:testngAnnotations.DependsOnMethod@3dd4520b]" name="suiteTeardown" is-config="true" duration-ms="10" started-at="2020-03-03T18:08:27 IST" finished-at="2020-03-03T18:08:27 IST">
          <reporter-output>
          </reporter-output>
        </test-method> <!-- suiteTeardown -->
      </class> <!-- testngAnnotations.DependsOnMethod -->
      <class name="testngAnnotations.FirstTestNGClass">
        <test-method status="PASS" signature="beforeClass()[pri:0, instance:testngAnnotations.FirstTestNGClass@5ae63ade]" name="beforeClass" is-config="true" duration-ms="1" started-at="2020-03-03T18:08:27 IST" finished-at="2020-03-03T18:08:27 IST">
          <reporter-output>
          </reporter-output>
        </test-method> <!-- beforeClass -->
        <test-method status="PASS" signature="beforeMethod()[pri:0, instance:testngAnnotations.FirstTestNGClass@5ae63ade]" name="beforeMethod" is-config="true" duration-ms="6" started-at="2020-03-03T18:08:27 IST" finished-at="2020-03-03T18:08:27 IST">
          <reporter-output>
          </reporter-output>
        </test-method> <!-- beforeMethod -->
        <test-method status="PASS" signature="test1()[pri:0, instance:testngAnnotations.FirstTestNGClass@5ae63ade]" name="test1" duration-ms="3" started-at="2020-03-03T18:08:27 IST" finished-at="2020-03-03T18:08:27 IST">
          <reporter-output>
          </reporter-output>
        </test-method> <!-- test1 -->
        <test-method status="PASS" signature="afterMethod()[pri:0, instance:testngAnnotations.FirstTestNGClass@5ae63ade]" name="afterMethod" is-config="true" duration-ms="1" started-at="2020-03-03T18:08:27 IST" finished-at="2020-03-03T18:08:27 IST">
          <reporter-output>
          </reporter-output>
        </test-method> <!-- afterMethod -->
        <test-method status="PASS" signature="beforeMethod()[pri:0, instance:testngAnnotations.FirstTestNGClass@5ae63ade]" name="beforeMethod" is-config="true" duration-ms="1" started-at="2020-03-03T18:08:27 IST" finished-at="2020-03-03T18:08:27 IST">
          <reporter-output>
          </reporter-output>
        </test-method> <!-- beforeMethod -->
        <test-method status="PASS" signature="test2()[pri:0, instance:testngAnnotations.FirstTestNGClass@5ae63ade]" name="test2" duration-ms="1" started-at="2020-03-03T18:08:27 IST" finished-at="2020-03-03T18:08:27 IST">
          <reporter-output>
          </reporter-output>
        </test-method> <!-- test2 -->
        <test-method status="PASS" signature="afterMethod()[pri:0, instance:testngAnnotations.FirstTestNGClass@5ae63ade]" name="afterMethod" is-config="true" duration-ms="1" started-at="2020-03-03T18:08:27 IST" finished-at="2020-03-03T18:08:27 IST">
          <reporter-output>
          </reporter-output>
        </test-method> <!-- afterMethod -->
        <test-method status="PASS" signature="test3()[pri:0, instance:testngAnnotations.FirstTestNGClass@5ae63ade]" name="test3" duration-ms="1" started-at="2020-03-03T18:08:27 IST" finished-at="2020-03-03T18:08:27 IST">
          <reporter-output>
          </reporter-output>
        </test-method> <!-- test3 -->
        <test-method status="PASS" signature="beforeMethod()[pri:0, instance:testngAnnotations.FirstTestNGClass@5ae63ade]" name="beforeMethod" is-config="true" duration-ms="0" started-at="2020-03-03T18:08:27 IST" finished-at="2020-03-03T18:08:27 IST">
          <reporter-output>
          </reporter-output>
        </test-method> <!-- beforeMethod -->
        <test-method status="PASS" signature="afterMethod()[pri:0, instance:testngAnnotations.FirstTestNGClass@5ae63ade]" name="afterMethod" is-config="true" duration-ms="0" started-at="2020-03-03T18:08:27 IST" finished-at="2020-03-03T18:08:27 IST">
          <reporter-output>
          </reporter-output>
        </test-method> <!-- afterMethod -->
        <test-method status="PASS" signature="beforeMethod()[pri:0, instance:testngAnnotations.FirstTestNGClass@5ae63ade]" name="beforeMethod" is-config="true" duration-ms="0" started-at="2020-03-03T18:08:27 IST" finished-at="2020-03-03T18:08:27 IST">
          <reporter-output>
          </reporter-output>
        </test-method> <!-- beforeMethod -->
        <test-method status="PASS" signature="test4()[pri:0, instance:testngAnnotations.FirstTestNGClass@5ae63ade]" name="test4" duration-ms="1" started-at="2020-03-03T18:08:27 IST" finished-at="2020-03-03T18:08:27 IST">
          <reporter-output>
          </reporter-output>
        </test-method> <!-- test4 -->
        <test-method status="PASS" signature="afterMethod()[pri:0, instance:testngAnnotations.FirstTestNGClass@5ae63ade]" name="afterMethod" is-config="true" duration-ms="1" started-at="2020-03-03T18:08:27 IST" finished-at="2020-03-03T18:08:27 IST">
          <reporter-output>
          </reporter-output>
        </test-method> <!-- afterMethod -->
        <test-method status="PASS" signature="test6()[pri:0, instance:testngAnnotations.FirstTestNGClass@5ae63ade]" name="test6" duration-ms="2" started-at="2020-03-03T18:08:27 IST" finished-at="2020-03-03T18:08:27 IST">
          <reporter-output>
          </reporter-output>
        </test-method> <!-- test6 -->
        <test-method status="PASS" signature="beforeMethod()[pri:0, instance:testngAnnotations.FirstTestNGClass@5ae63ade]" name="beforeMethod" is-config="true" duration-ms="0" started-at="2020-03-03T18:08:27 IST" finished-at="2020-03-03T18:08:27 IST">
          <reporter-output>
          </reporter-output>
        </test-method> <!-- beforeMethod -->
        <test-method status="PASS" signature="afterMethod()[pri:0, instance:testngAnnotations.FirstTestNGClass@5ae63ade]" name="afterMethod" is-config="true" duration-ms="1" started-at="2020-03-03T18:08:27 IST" finished-at="2020-03-03T18:08:27 IST">
          <reporter-output>
          </reporter-output>
        </test-method> <!-- afterMethod -->
        <test-method status="PASS" signature="test7()[pri:1, instance:testngAnnotations.FirstTestNGClass@5ae63ade]" name="test7" duration-ms="1" started-at="2020-03-03T18:08:27 IST" finished-at="2020-03-03T18:08:27 IST">
          <reporter-output>
          </reporter-output>
        </test-method> <!-- test7 -->
        <test-method status="PASS" signature="beforeMethod()[pri:0, instance:testngAnnotations.FirstTestNGClass@5ae63ade]" name="beforeMethod" is-config="true" duration-ms="0" started-at="2020-03-03T18:08:27 IST" finished-at="2020-03-03T18:08:27 IST">
          <reporter-output>
          </reporter-output>
        </test-method> <!-- beforeMethod -->
        <test-method status="PASS" signature="afterMethod()[pri:0, instance:testngAnnotations.FirstTestNGClass@5ae63ade]" name="afterMethod" is-config="true" duration-ms="2" started-at="2020-03-03T18:08:27 IST" finished-at="2020-03-03T18:08:27 IST">
          <reporter-output>
          </reporter-output>
        </test-method> <!-- afterMethod -->
        <test-method status="PASS" signature="beforeMethod()[pri:0, instance:testngAnnotations.FirstTestNGClass@5ae63ade]" name="beforeMethod" is-config="true" duration-ms="0" started-at="2020-03-03T18:08:27 IST" finished-at="2020-03-03T18:08:27 IST">
          <reporter-output>
          </reporter-output>
        </test-method> <!-- beforeMethod -->
        <test-method status="PASS" signature="test5()[pri:2, instance:testngAnnotations.FirstTestNGClass@5ae63ade]" name="test5" duration-ms="1" started-at="2020-03-03T18:08:27 IST" finished-at="2020-03-03T18:08:27 IST">
          <reporter-output>
          </reporter-output>
        </test-method> <!-- test5 -->
        <test-method status="PASS" signature="afterMethod()[pri:0, instance:testngAnnotations.FirstTestNGClass@5ae63ade]" name="afterMethod" is-config="true" duration-ms="1" started-at="2020-03-03T18:08:27 IST" finished-at="2020-03-03T18:08:27 IST">
          <reporter-output>
          </reporter-output>
        </test-method> <!-- afterMethod -->
        <test-method status="PASS" signature="afterClass()[pri:0, instance:testngAnnotations.FirstTestNGClass@5ae63ade]" name="afterClass" is-config="true" duration-ms="2" started-at="2020-03-03T18:08:27 IST" finished-at="2020-03-03T18:08:27 IST">
          <reporter-output>
          </reporter-output>
        </test-method> <!-- afterClass -->
      </class> <!-- testngAnnotations.FirstTestNGClass -->
    </test> <!-- Test priorty feature -->
  </suite> <!-- Suite -->
</testng-results>
