<?xml version="1.0" encoding="UTF-8"?>
<testng-results skipped="0" failed="0" ignored="2" total="10" passed="8">
  <reporter-output>
  </reporter-output>
  <suite name="Suite" duration-ms="279" started-at="2020-03-10T10:02:29 IST" finished-at="2020-03-10T10:02:29 IST">
    <groups>
    </groups>
    <test name="Test on chrome" duration-ms="169" started-at="2020-03-10T10:02:29 IST" finished-at="2020-03-10T10:02:29 IST">
      <class name="testngAnnotations.LearnDataProvider">
        <test-method status="PASS" signature="intilialize(java.lang.String)[pri:0, instance:testngAnnotations.LearnDataProvider@20398b7c]" name="intilialize" is-config="true" duration-ms="20" started-at="2020-03-10T10:02:29 IST" finished-at="2020-03-10T10:02:29 IST">
          <params>
            <param index="0">
              <value>
                <![CDATA[Chrome]]>
              </value>
            </param>
          </params>
          <reporter-output>
          </reporter-output>
        </test-method> <!-- intilialize -->
        <test-method status="PASS" signature="test1(java.lang.String, java.lang.String)[pri:0, instance:testngAnnotations.LearnDataProvider@20398b7c]" name="test1" duration-ms="9" started-at="2020-03-10T10:02:29 IST" data-provider="getData" finished-at="2020-03-10T10:02:29 IST">
          <params>
            <param index="0">
              <value>
                <![CDATA[shashank]]>
              </value>
            </param>
            <param index="1">
              <value>
                <![CDATA[passwo]]>
              </value>
            </param>
          </params>
          <reporter-output>
          </reporter-output>
        </test-method> <!-- test1 -->
        <test-method status="PASS" signature="test1(java.lang.String, java.lang.String)[pri:0, instance:testngAnnotations.LearnDataProvider@20398b7c]" name="test1" duration-ms="3" started-at="2020-03-10T10:02:29 IST" data-provider="getData" finished-at="2020-03-10T10:02:29 IST">
          <params>
            <param index="0">
              <value>
                <![CDATA[sudhir]]>
              </value>
            </param>
            <param index="1">
              <value>
                <![CDATA[pass]]>
              </value>
            </param>
          </params>
          <reporter-output>
          </reporter-output>
        </test-method> <!-- test1 -->
        <test-method status="PASS" signature="test1(java.lang.String, java.lang.String)[pri:0, instance:testngAnnotations.LearnDataProvider@20398b7c]" name="test1" duration-ms="14" started-at="2020-03-10T10:02:29 IST" data-provider="getData" finished-at="2020-03-10T10:02:29 IST">
          <params>
            <param index="0">
              <value>
                <![CDATA[sasas]]>
              </value>
            </param>
            <param index="1">
              <value>
                <![CDATA[passsss]]>
              </value>
            </param>
          </params>
          <reporter-output>
          </reporter-output>
        </test-method> <!-- test1 -->
        <test-method status="PASS" signature="test1(java.lang.String, java.lang.String)[pri:0, instance:testngAnnotations.LearnDataProvider@20398b7c]" name="test1" duration-ms="10" started-at="2020-03-10T10:02:29 IST" data-provider="getData" finished-at="2020-03-10T10:02:29 IST">
          <params>
            <param index="0">
              <value>
                <![CDATA[dgdfdt]]>
              </value>
            </param>
            <param index="1">
              <value>
                <![CDATA[paspssp]]>
              </value>
            </param>
          </params>
          <reporter-output>
          </reporter-output>
        </test-method> <!-- test1 -->
      </class> <!-- testngAnnotations.LearnDataProvider -->
    </test> <!-- Test on chrome -->
    <test name="Test on Firefox" duration-ms="33" started-at="2020-03-10T10:02:29 IST" finished-at="2020-03-10T10:02:29 IST">
      <class name="testngAnnotations.LearnDataProvider">
        <test-method status="PASS" signature="intilialize(java.lang.String)[pri:0, instance:testngAnnotations.LearnDataProvider@65e2dbf3]" name="intilialize" is-config="true" duration-ms="0" started-at="2020-03-10T10:02:29 IST" finished-at="2020-03-10T10:02:29 IST">
          <params>
            <param index="0">
              <value>
                <![CDATA[firefox]]>
              </value>
            </param>
          </params>
          <reporter-output>
          </reporter-output>
        </test-method> <!-- intilialize -->
        <test-method status="PASS" signature="test1(java.lang.String, java.lang.String)[pri:0, instance:testngAnnotations.LearnDataProvider@65e2dbf3]" name="test1" duration-ms="4" started-at="2020-03-10T10:02:29 IST" data-provider="getData" finished-at="2020-03-10T10:02:29 IST">
          <params>
            <param index="0">
              <value>
                <![CDATA[shashank]]>
              </value>
            </param>
            <param index="1">
              <value>
                <![CDATA[passwo]]>
              </value>
            </param>
          </params>
          <reporter-output>
          </reporter-output>
        </test-method> <!-- test1 -->
        <test-method status="PASS" signature="test1(java.lang.String, java.lang.String)[pri:0, instance:testngAnnotations.LearnDataProvider@65e2dbf3]" name="test1" duration-ms="3" started-at="2020-03-10T10:02:29 IST" data-provider="getData" finished-at="2020-03-10T10:02:29 IST">
          <params>
            <param index="0">
              <value>
                <![CDATA[sudhir]]>
              </value>
            </param>
            <param index="1">
              <value>
                <![CDATA[pass]]>
              </value>
            </param>
          </params>
          <reporter-output>
          </reporter-output>
        </test-method> <!-- test1 -->
        <test-method status="PASS" signature="test1(java.lang.String, java.lang.String)[pri:0, instance:testngAnnotations.LearnDataProvider@65e2dbf3]" name="test1" duration-ms="3" started-at="2020-03-10T10:02:29 IST" data-provider="getData" finished-at="2020-03-10T10:02:29 IST">
          <params>
            <param index="0">
              <value>
                <![CDATA[sasas]]>
              </value>
            </param>
            <param index="1">
              <value>
                <![CDATA[passsss]]>
              </value>
            </param>
          </params>
          <reporter-output>
          </reporter-output>
        </test-method> <!-- test1 -->
        <test-method status="PASS" signature="test1(java.lang.String, java.lang.String)[pri:0, instance:testngAnnotations.LearnDataProvider@65e2dbf3]" name="test1" duration-ms="2" started-at="2020-03-10T10:02:29 IST" data-provider="getData" finished-at="2020-03-10T10:02:29 IST">
          <params>
            <param index="0">
              <value>
                <![CDATA[dgdfdt]]>
              </value>
            </param>
            <param index="1">
              <value>
                <![CDATA[paspssp]]>
              </value>
            </param>
          </params>
          <reporter-output>
          </reporter-output>
        </test-method> <!-- test1 -->
      </class> <!-- testngAnnotations.LearnDataProvider -->
    </test> <!-- Test on Firefox -->
  </suite> <!-- Suite -->
</testng-results>
