<?xml version="1.0" encoding="UTF-8"?>
<testng-results skipped="0" failed="0" ignored="0" total="1" passed="1">
  <reporter-output>
  </reporter-output>
  <suite name="Default suite" duration-ms="12231" started-at="2020-03-11T10:35:17 IST" finished-at="2020-03-11T10:35:30 IST">
    <groups>
    </groups>
    <test name="Default test" duration-ms="12231" started-at="2020-03-11T10:35:17 IST" finished-at="2020-03-11T10:35:30 IST">
      <class name="appTestCases.TestCase2">
        <test-method status="PASS" signature="test2()[pri:0, instance:appTestCases.TestCase2@6ddf90b0]" name="test2" duration-ms="12154" started-at="2020-03-11T10:35:17 IST" finished-at="2020-03-11T10:35:30 IST">
          <reporter-output>
          </reporter-output>
        </test-method> <!-- test2 -->
      </class> <!-- appTestCases.TestCase2 -->
    </test> <!-- Default test -->
  </suite> <!-- Default suite -->
</testng-results>
