<?xml version="1.0" encoding="UTF-8"?>
<!-- Generated by org.testng.reporters.JUnitXMLReporter -->
<testsuite ignored="1" hostname="PNF1-ENT-C-120" failures="0" tests="4" name="Test" time="10.432" errors="0" timestamp="09 Jun 2021 05:37:44 GMT">
  <testcase classname="com.tricentis.automation.scripts.fieldVerification.HomePageTests" name="verifyAutomationlink" time="1.154"/>
  <testcase classname="com.tricentis.automation.scripts.fieldVerification.HomePageTests" name="verifyCamperlink" time="0.001"/>
  <testcase classname="com.tricentis.automation.scripts.fieldVerification.HomePageTests" name="verifyMotorCyclelink" time="0.002"/>
  <testcase classname="com.tricentis.automation.scripts.fieldVerification.HomePageTests" name="verifyTrucklink" time="0.001"/>
  <testcase classname="com.tricentis.automation.driver.Driver" name="@BeforeSuite suiteInitializer" time="0.0">
    <ignored/>
  </testcase> <!-- @BeforeSuite suiteInitializer -->
</testsuite> <!-- Test -->
